  stdafx.cpp
  videostab.cpp
  video_stablization.cpp
  正在生成代码
  All 580 functions were compiled because no usable IPDB/IOBJ from previous compilation was found.
  已完成代码的生成
libpng.lib(png.obj) : warning LNK4099: 未找到 PDB“libpng.pdb”(使用“libpng.lib(png.obj)”或在“D:\Real-Time-Video-Stabilization-master\video_stablization\x64\Release\libpng.pdb”中寻找)；正在链接对象，如同没有调试信息一样
libpng.lib(pngerror.obj) : warning LNK4099: 未找到 PDB“libpng.pdb”(使用“libpng.lib(pngerror.obj)”或在“D:\Real-Time-Video-Stabilization-master\video_stablization\x64\Release\libpng.pdb”中寻找)；正在链接对象，如同没有调试信息一样
libpng.lib(pngget.obj) : warning LNK4099: 未找到 PDB“libpng.pdb”(使用“libpng.lib(pngget.obj)”或在“D:\Real-Time-Video-Stabilization-master\video_stablization\x64\Release\libpng.pdb”中寻找)；正在链接对象，如同没有调试信息一样
libpng.lib(pngmem.obj) : warning LNK4099: 未找到 PDB“libpng.pdb”(使用“libpng.lib(pngmem.obj)”或在“D:\Real-Time-Video-Stabilization-master\video_stablization\x64\Release\libpng.pdb”中寻找)；正在链接对象，如同没有调试信息一样
libpng.lib(pngread.obj) : warning LNK4099: 未找到 PDB“libpng.pdb”(使用“libpng.lib(pngread.obj)”或在“D:\Real-Time-Video-Stabilization-master\video_stablization\x64\Release\libpng.pdb”中寻找)；正在链接对象，如同没有调试信息一样
libpng.lib(pngrio.obj) : warning LNK4099: 未找到 PDB“libpng.pdb”(使用“libpng.lib(pngrio.obj)”或在“D:\Real-Time-Video-Stabilization-master\video_stablization\x64\Release\libpng.pdb”中寻找)；正在链接对象，如同没有调试信息一样
libpng.lib(pngrtran.obj) : warning LNK4099: 未找到 PDB“libpng.pdb”(使用“libpng.lib(pngrtran.obj)”或在“D:\Real-Time-Video-Stabilization-master\video_stablization\x64\Release\libpng.pdb”中寻找)；正在链接对象，如同没有调试信息一样
libpng.lib(pngrutil.obj) : warning LNK4099: 未找到 PDB“libpng.pdb”(使用“libpng.lib(pngrutil.obj)”或在“D:\Real-Time-Video-Stabilization-master\video_stablization\x64\Release\libpng.pdb”中寻找)；正在链接对象，如同没有调试信息一样
libpng.lib(pngset.obj) : warning LNK4099: 未找到 PDB“libpng.pdb”(使用“libpng.lib(pngset.obj)”或在“D:\Real-Time-Video-Stabilization-master\video_stablization\x64\Release\libpng.pdb”中寻找)；正在链接对象，如同没有调试信息一样
libpng.lib(pngtrans.obj) : warning LNK4099: 未找到 PDB“libpng.pdb”(使用“libpng.lib(pngtrans.obj)”或在“D:\Real-Time-Video-Stabilization-master\video_stablization\x64\Release\libpng.pdb”中寻找)；正在链接对象，如同没有调试信息一样
libpng.lib(pngwio.obj) : warning LNK4099: 未找到 PDB“libpng.pdb”(使用“libpng.lib(pngwio.obj)”或在“D:\Real-Time-Video-Stabilization-master\video_stablization\x64\Release\libpng.pdb”中寻找)；正在链接对象，如同没有调试信息一样
libpng.lib(pngwrite.obj) : warning LNK4099: 未找到 PDB“libpng.pdb”(使用“libpng.lib(pngwrite.obj)”或在“D:\Real-Time-Video-Stabilization-master\video_stablization\x64\Release\libpng.pdb”中寻找)；正在链接对象，如同没有调试信息一样
libpng.lib(pngwtran.obj) : warning LNK4099: 未找到 PDB“libpng.pdb”(使用“libpng.lib(pngwtran.obj)”或在“D:\Real-Time-Video-Stabilization-master\video_stablization\x64\Release\libpng.pdb”中寻找)；正在链接对象，如同没有调试信息一样
libpng.lib(pngwutil.obj) : warning LNK4099: 未找到 PDB“libpng.pdb”(使用“libpng.lib(pngwutil.obj)”或在“D:\Real-Time-Video-Stabilization-master\video_stablization\x64\Release\libpng.pdb”中寻找)；正在链接对象，如同没有调试信息一样
libtiff.lib(tif_aux.obj) : warning LNK4099: 未找到 PDB“libtiff.pdb”(使用“libtiff.lib(tif_aux.obj)”或在“D:\Real-Time-Video-Stabilization-master\video_stablization\x64\Release\libtiff.pdb”中寻找)；正在链接对象，如同没有调试信息一样
libtiff.lib(tif_close.obj) : warning LNK4099: 未找到 PDB“libtiff.pdb”(使用“libtiff.lib(tif_close.obj)”或在“D:\Real-Time-Video-Stabilization-master\video_stablization\x64\Release\libtiff.pdb”中寻找)；正在链接对象，如同没有调试信息一样
libtiff.lib(tif_codec.obj) : warning LNK4099: 未找到 PDB“libtiff.pdb”(使用“libtiff.lib(tif_codec.obj)”或在“D:\Real-Time-Video-Stabilization-master\video_stablization\x64\Release\libtiff.pdb”中寻找)；正在链接对象，如同没有调试信息一样
libtiff.lib(tif_color.obj) : warning LNK4099: 未找到 PDB“libtiff.pdb”(使用“libtiff.lib(tif_color.obj)”或在“D:\Real-Time-Video-Stabilization-master\video_stablization\x64\Release\libtiff.pdb”中寻找)；正在链接对象，如同没有调试信息一样
libtiff.lib(tif_compress.obj) : warning LNK4099: 未找到 PDB“libtiff.pdb”(使用“libtiff.lib(tif_compress.obj)”或在“D:\Real-Time-Video-Stabilization-master\video_stablization\x64\Release\libtiff.pdb”中寻找)；正在链接对象，如同没有调试信息一样
libtiff.lib(tif_dir.obj) : warning LNK4099: 未找到 PDB“libtiff.pdb”(使用“libtiff.lib(tif_dir.obj)”或在“D:\Real-Time-Video-Stabilization-master\video_stablization\x64\Release\libtiff.pdb”中寻找)；正在链接对象，如同没有调试信息一样
libtiff.lib(tif_dirinfo.obj) : warning LNK4099: 未找到 PDB“libtiff.pdb”(使用“libtiff.lib(tif_dirinfo.obj)”或在“D:\Real-Time-Video-Stabilization-master\video_stablization\x64\Release\libtiff.pdb”中寻找)；正在链接对象，如同没有调试信息一样
libtiff.lib(tif_dirread.obj) : warning LNK4099: 未找到 PDB“libtiff.pdb”(使用“libtiff.lib(tif_dirread.obj)”或在“D:\Real-Time-Video-Stabilization-master\video_stablization\x64\Release\libtiff.pdb”中寻找)；正在链接对象，如同没有调试信息一样
libtiff.lib(tif_dirwrite.obj) : warning LNK4099: 未找到 PDB“libtiff.pdb”(使用“libtiff.lib(tif_dirwrite.obj)”或在“D:\Real-Time-Video-Stabilization-master\video_stablization\x64\Release\libtiff.pdb”中寻找)；正在链接对象，如同没有调试信息一样
libtiff.lib(tif_dumpmode.obj) : warning LNK4099: 未找到 PDB“libtiff.pdb”(使用“libtiff.lib(tif_dumpmode.obj)”或在“D:\Real-Time-Video-Stabilization-master\video_stablization\x64\Release\libtiff.pdb”中寻找)；正在链接对象，如同没有调试信息一样
libtiff.lib(tif_error.obj) : warning LNK4099: 未找到 PDB“libtiff.pdb”(使用“libtiff.lib(tif_error.obj)”或在“D:\Real-Time-Video-Stabilization-master\video_stablization\x64\Release\libtiff.pdb”中寻找)；正在链接对象，如同没有调试信息一样
libtiff.lib(tif_fax3.obj) : warning LNK4099: 未找到 PDB“libtiff.pdb”(使用“libtiff.lib(tif_fax3.obj)”或在“D:\Real-Time-Video-Stabilization-master\video_stablization\x64\Release\libtiff.pdb”中寻找)；正在链接对象，如同没有调试信息一样
libtiff.lib(tif_fax3sm.obj) : warning LNK4099: 未找到 PDB“libtiff.pdb”(使用“libtiff.lib(tif_fax3sm.obj)”或在“D:\Real-Time-Video-Stabilization-master\video_stablization\x64\Release\libtiff.pdb”中寻找)；正在链接对象，如同没有调试信息一样
libtiff.lib(tif_flush.obj) : warning LNK4099: 未找到 PDB“libtiff.pdb”(使用“libtiff.lib(tif_flush.obj)”或在“D:\Real-Time-Video-Stabilization-master\video_stablization\x64\Release\libtiff.pdb”中寻找)；正在链接对象，如同没有调试信息一样
libtiff.lib(tif_getimage.obj) : warning LNK4099: 未找到 PDB“libtiff.pdb”(使用“libtiff.lib(tif_getimage.obj)”或在“D:\Real-Time-Video-Stabilization-master\video_stablization\x64\Release\libtiff.pdb”中寻找)；正在链接对象，如同没有调试信息一样
libtiff.lib(tif_luv.obj) : warning LNK4099: 未找到 PDB“libtiff.pdb”(使用“libtiff.lib(tif_luv.obj)”或在“D:\Real-Time-Video-Stabilization-master\video_stablization\x64\Release\libtiff.pdb”中寻找)；正在链接对象，如同没有调试信息一样
libtiff.lib(tif_lzw.obj) : warning LNK4099: 未找到 PDB“libtiff.pdb”(使用“libtiff.lib(tif_lzw.obj)”或在“D:\Real-Time-Video-Stabilization-master\video_stablization\x64\Release\libtiff.pdb”中寻找)；正在链接对象，如同没有调试信息一样
libtiff.lib(tif_next.obj) : warning LNK4099: 未找到 PDB“libtiff.pdb”(使用“libtiff.lib(tif_next.obj)”或在“D:\Real-Time-Video-Stabilization-master\video_stablization\x64\Release\libtiff.pdb”中寻找)；正在链接对象，如同没有调试信息一样
libtiff.lib(tif_open.obj) : warning LNK4099: 未找到 PDB“libtiff.pdb”(使用“libtiff.lib(tif_open.obj)”或在“D:\Real-Time-Video-Stabilization-master\video_stablization\x64\Release\libtiff.pdb”中寻找)；正在链接对象，如同没有调试信息一样
libtiff.lib(tif_packbits.obj) : warning LNK4099: 未找到 PDB“libtiff.pdb”(使用“libtiff.lib(tif_packbits.obj)”或在“D:\Real-Time-Video-Stabilization-master\video_stablization\x64\Release\libtiff.pdb”中寻找)；正在链接对象，如同没有调试信息一样
libtiff.lib(tif_pixarlog.obj) : warning LNK4099: 未找到 PDB“libtiff.pdb”(使用“libtiff.lib(tif_pixarlog.obj)”或在“D:\Real-Time-Video-Stabilization-master\video_stablization\x64\Release\libtiff.pdb”中寻找)；正在链接对象，如同没有调试信息一样
libtiff.lib(tif_predict.obj) : warning LNK4099: 未找到 PDB“libtiff.pdb”(使用“libtiff.lib(tif_predict.obj)”或在“D:\Real-Time-Video-Stabilization-master\video_stablization\x64\Release\libtiff.pdb”中寻找)；正在链接对象，如同没有调试信息一样
libtiff.lib(tif_read.obj) : warning LNK4099: 未找到 PDB“libtiff.pdb”(使用“libtiff.lib(tif_read.obj)”或在“D:\Real-Time-Video-Stabilization-master\video_stablization\x64\Release\libtiff.pdb”中寻找)；正在链接对象，如同没有调试信息一样
libtiff.lib(tif_strip.obj) : warning LNK4099: 未找到 PDB“libtiff.pdb”(使用“libtiff.lib(tif_strip.obj)”或在“D:\Real-Time-Video-Stabilization-master\video_stablization\x64\Release\libtiff.pdb”中寻找)；正在链接对象，如同没有调试信息一样
libtiff.lib(tif_swab.obj) : warning LNK4099: 未找到 PDB“libtiff.pdb”(使用“libtiff.lib(tif_swab.obj)”或在“D:\Real-Time-Video-Stabilization-master\video_stablization\x64\Release\libtiff.pdb”中寻找)；正在链接对象，如同没有调试信息一样
libtiff.lib(tif_thunder.obj) : warning LNK4099: 未找到 PDB“libtiff.pdb”(使用“libtiff.lib(tif_thunder.obj)”或在“D:\Real-Time-Video-Stabilization-master\video_stablization\x64\Release\libtiff.pdb”中寻找)；正在链接对象，如同没有调试信息一样
libtiff.lib(tif_tile.obj) : warning LNK4099: 未找到 PDB“libtiff.pdb”(使用“libtiff.lib(tif_tile.obj)”或在“D:\Real-Time-Video-Stabilization-master\video_stablization\x64\Release\libtiff.pdb”中寻找)；正在链接对象，如同没有调试信息一样
libtiff.lib(tif_warning.obj) : warning LNK4099: 未找到 PDB“libtiff.pdb”(使用“libtiff.lib(tif_warning.obj)”或在“D:\Real-Time-Video-Stabilization-master\video_stablization\x64\Release\libtiff.pdb”中寻找)；正在链接对象，如同没有调试信息一样
libtiff.lib(tif_write.obj) : warning LNK4099: 未找到 PDB“libtiff.pdb”(使用“libtiff.lib(tif_write.obj)”或在“D:\Real-Time-Video-Stabilization-master\video_stablization\x64\Release\libtiff.pdb”中寻找)；正在链接对象，如同没有调试信息一样
libtiff.lib(tif_zip.obj) : warning LNK4099: 未找到 PDB“libtiff.pdb”(使用“libtiff.lib(tif_zip.obj)”或在“D:\Real-Time-Video-Stabilization-master\video_stablization\x64\Release\libtiff.pdb”中寻找)；正在链接对象，如同没有调试信息一样
libtiff.lib(tif_win32.obj) : warning LNK4099: 未找到 PDB“libtiff.pdb”(使用“libtiff.lib(tif_win32.obj)”或在“D:\Real-Time-Video-Stabilization-master\video_stablization\x64\Release\libtiff.pdb”中寻找)；正在链接对象，如同没有调试信息一样
zlib.lib(adler32.obj) : warning LNK4099: 未找到 PDB“zlib.pdb”(使用“zlib.lib(adler32.obj)”或在“D:\Real-Time-Video-Stabilization-master\video_stablization\x64\Release\zlib.pdb”中寻找)；正在链接对象，如同没有调试信息一样
zlib.lib(compress.obj) : warning LNK4099: 未找到 PDB“zlib.pdb”(使用“zlib.lib(compress.obj)”或在“D:\Real-Time-Video-Stabilization-master\video_stablization\x64\Release\zlib.pdb”中寻找)；正在链接对象，如同没有调试信息一样
zlib.lib(crc32.obj) : warning LNK4099: 未找到 PDB“zlib.pdb”(使用“zlib.lib(crc32.obj)”或在“D:\Real-Time-Video-Stabilization-master\video_stablization\x64\Release\zlib.pdb”中寻找)；正在链接对象，如同没有调试信息一样
zlib.lib(deflate.obj) : warning LNK4099: 未找到 PDB“zlib.pdb”(使用“zlib.lib(deflate.obj)”或在“D:\Real-Time-Video-Stabilization-master\video_stablization\x64\Release\zlib.pdb”中寻找)；正在链接对象，如同没有调试信息一样
zlib.lib(gzclose.obj) : warning LNK4099: 未找到 PDB“zlib.pdb”(使用“zlib.lib(gzclose.obj)”或在“D:\Real-Time-Video-Stabilization-master\video_stablization\x64\Release\zlib.pdb”中寻找)；正在链接对象，如同没有调试信息一样
zlib.lib(gzlib.obj) : warning LNK4099: 未找到 PDB“zlib.pdb”(使用“zlib.lib(gzlib.obj)”或在“D:\Real-Time-Video-Stabilization-master\video_stablization\x64\Release\zlib.pdb”中寻找)；正在链接对象，如同没有调试信息一样
zlib.lib(gzread.obj) : warning LNK4099: 未找到 PDB“zlib.pdb”(使用“zlib.lib(gzread.obj)”或在“D:\Real-Time-Video-Stabilization-master\video_stablization\x64\Release\zlib.pdb”中寻找)；正在链接对象，如同没有调试信息一样
zlib.lib(gzwrite.obj) : warning LNK4099: 未找到 PDB“zlib.pdb”(使用“zlib.lib(gzwrite.obj)”或在“D:\Real-Time-Video-Stabilization-master\video_stablization\x64\Release\zlib.pdb”中寻找)；正在链接对象，如同没有调试信息一样
zlib.lib(inflate.obj) : warning LNK4099: 未找到 PDB“zlib.pdb”(使用“zlib.lib(inflate.obj)”或在“D:\Real-Time-Video-Stabilization-master\video_stablization\x64\Release\zlib.pdb”中寻找)；正在链接对象，如同没有调试信息一样
zlib.lib(inftrees.obj) : warning LNK4099: 未找到 PDB“zlib.pdb”(使用“zlib.lib(inftrees.obj)”或在“D:\Real-Time-Video-Stabilization-master\video_stablization\x64\Release\zlib.pdb”中寻找)；正在链接对象，如同没有调试信息一样
zlib.lib(inffast.obj) : warning LNK4099: 未找到 PDB“zlib.pdb”(使用“zlib.lib(inffast.obj)”或在“D:\Real-Time-Video-Stabilization-master\video_stablization\x64\Release\zlib.pdb”中寻找)；正在链接对象，如同没有调试信息一样
zlib.lib(trees.obj) : warning LNK4099: 未找到 PDB“zlib.pdb”(使用“zlib.lib(trees.obj)”或在“D:\Real-Time-Video-Stabilization-master\video_stablization\x64\Release\zlib.pdb”中寻找)；正在链接对象，如同没有调试信息一样
zlib.lib(uncompr.obj) : warning LNK4099: 未找到 PDB“zlib.pdb”(使用“zlib.lib(uncompr.obj)”或在“D:\Real-Time-Video-Stabilization-master\video_stablization\x64\Release\zlib.pdb”中寻找)；正在链接对象，如同没有调试信息一样
zlib.lib(zutil.obj) : warning LNK4099: 未找到 PDB“zlib.pdb”(使用“zlib.lib(zutil.obj)”或在“D:\Real-Time-Video-Stabilization-master\video_stablization\x64\Release\zlib.pdb”中寻找)；正在链接对象，如同没有调试信息一样
IlmImf.lib(half.obj) : warning LNK4099: 未找到 PDB“IlmImf.pdb”(使用“IlmImf.lib(half.obj)”或在“D:\Real-Time-Video-Stabilization-master\video_stablization\x64\Release\IlmImf.pdb”中寻找)；正在链接对象，如同没有调试信息一样
IlmImf.lib(IexBaseExc.obj) : warning LNK4099: 未找到 PDB“IlmImf.pdb”(使用“IlmImf.lib(IexBaseExc.obj)”或在“D:\Real-Time-Video-Stabilization-master\video_stablization\x64\Release\IlmImf.pdb”中寻找)；正在链接对象，如同没有调试信息一样
IlmImf.lib(IexThrowErrnoExc.obj) : warning LNK4099: 未找到 PDB“IlmImf.pdb”(使用“IlmImf.lib(IexThrowErrnoExc.obj)”或在“D:\Real-Time-Video-Stabilization-master\video_stablization\x64\Release\IlmImf.pdb”中寻找)；正在链接对象，如同没有调试信息一样
IlmImf.lib(IlmThreadMutexWin32.obj) : warning LNK4099: 未找到 PDB“IlmImf.pdb”(使用“IlmImf.lib(IlmThreadMutexWin32.obj)”或在“D:\Real-Time-Video-Stabilization-master\video_stablization\x64\Release\IlmImf.pdb”中寻找)；正在链接对象，如同没有调试信息一样
IlmImf.lib(IlmThreadPool.obj) : warning LNK4099: 未找到 PDB“IlmImf.pdb”(使用“IlmImf.lib(IlmThreadPool.obj)”或在“D:\Real-Time-Video-Stabilization-master\video_stablization\x64\Release\IlmImf.pdb”中寻找)；正在链接对象，如同没有调试信息一样
IlmImf.lib(IlmThreadSemaphoreWin32.obj) : warning LNK4099: 未找到 PDB“IlmImf.pdb”(使用“IlmImf.lib(IlmThreadSemaphoreWin32.obj)”或在“D:\Real-Time-Video-Stabilization-master\video_stablization\x64\Release\IlmImf.pdb”中寻找)；正在链接对象，如同没有调试信息一样
IlmImf.lib(IlmThreadWin32.obj) : warning LNK4099: 未找到 PDB“IlmImf.pdb”(使用“IlmImf.lib(IlmThreadWin32.obj)”或在“D:\Real-Time-Video-Stabilization-master\video_stablization\x64\Release\IlmImf.pdb”中寻找)；正在链接对象，如同没有调试信息一样
IlmImf.lib(ImfAttribute.obj) : warning LNK4099: 未找到 PDB“IlmImf.pdb”(使用“IlmImf.lib(ImfAttribute.obj)”或在“D:\Real-Time-Video-Stabilization-master\video_stablization\x64\Release\IlmImf.pdb”中寻找)；正在链接对象，如同没有调试信息一样
IlmImf.lib(ImfB44Compressor.obj) : warning LNK4099: 未找到 PDB“IlmImf.pdb”(使用“IlmImf.lib(ImfB44Compressor.obj)”或在“D:\Real-Time-Video-Stabilization-master\video_stablization\x64\Release\IlmImf.pdb”中寻找)；正在链接对象，如同没有调试信息一样
IlmImf.lib(ImfBoxAttribute.obj) : warning LNK4099: 未找到 PDB“IlmImf.pdb”(使用“IlmImf.lib(ImfBoxAttribute.obj)”或在“D:\Real-Time-Video-Stabilization-master\video_stablization\x64\Release\IlmImf.pdb”中寻找)；正在链接对象，如同没有调试信息一样
IlmImf.lib(ImfChannelList.obj) : warning LNK4099: 未找到 PDB“IlmImf.pdb”(使用“IlmImf.lib(ImfChannelList.obj)”或在“D:\Real-Time-Video-Stabilization-master\video_stablization\x64\Release\IlmImf.pdb”中寻找)；正在链接对象，如同没有调试信息一样
IlmImf.lib(ImfChannelListAttribute.obj) : warning LNK4099: 未找到 PDB“IlmImf.pdb”(使用“IlmImf.lib(ImfChannelListAttribute.obj)”或在“D:\Real-Time-Video-Stabilization-master\video_stablization\x64\Release\IlmImf.pdb”中寻找)；正在链接对象，如同没有调试信息一样
IlmImf.lib(ImfChromaticities.obj) : warning LNK4099: 未找到 PDB“IlmImf.pdb”(使用“IlmImf.lib(ImfChromaticities.obj)”或在“D:\Real-Time-Video-Stabilization-master\video_stablization\x64\Release\IlmImf.pdb”中寻找)；正在链接对象，如同没有调试信息一样
IlmImf.lib(ImfChromaticitiesAttribute.obj) : warning LNK4099: 未找到 PDB“IlmImf.pdb”(使用“IlmImf.lib(ImfChromaticitiesAttribute.obj)”或在“D:\Real-Time-Video-Stabilization-master\video_stablization\x64\Release\IlmImf.pdb”中寻找)；正在链接对象，如同没有调试信息一样
IlmImf.lib(ImfCompressionAttribute.obj) : warning LNK4099: 未找到 PDB“IlmImf.pdb”(使用“IlmImf.lib(ImfCompressionAttribute.obj)”或在“D:\Real-Time-Video-Stabilization-master\video_stablization\x64\Release\IlmImf.pdb”中寻找)；正在链接对象，如同没有调试信息一样
IlmImf.lib(ImfCompressor.obj) : warning LNK4099: 未找到 PDB“IlmImf.pdb”(使用“IlmImf.lib(ImfCompressor.obj)”或在“D:\Real-Time-Video-Stabilization-master\video_stablization\x64\Release\IlmImf.pdb”中寻找)；正在链接对象，如同没有调试信息一样
IlmImf.lib(ImfConvert.obj) : warning LNK4099: 未找到 PDB“IlmImf.pdb”(使用“IlmImf.lib(ImfConvert.obj)”或在“D:\Real-Time-Video-Stabilization-master\video_stablization\x64\Release\IlmImf.pdb”中寻找)；正在链接对象，如同没有调试信息一样
IlmImf.lib(ImfDoubleAttribute.obj) : warning LNK4099: 未找到 PDB“IlmImf.pdb”(使用“IlmImf.lib(ImfDoubleAttribute.obj)”或在“D:\Real-Time-Video-Stabilization-master\video_stablization\x64\Release\IlmImf.pdb”中寻找)；正在链接对象，如同没有调试信息一样
IlmImf.lib(ImfEnvmapAttribute.obj) : warning LNK4099: 未找到 PDB“IlmImf.pdb”(使用“IlmImf.lib(ImfEnvmapAttribute.obj)”或在“D:\Real-Time-Video-Stabilization-master\video_stablization\x64\Release\IlmImf.pdb”中寻找)；正在链接对象，如同没有调试信息一样
IlmImf.lib(ImfFloatAttribute.obj) : warning LNK4099: 未找到 PDB“IlmImf.pdb”(使用“IlmImf.lib(ImfFloatAttribute.obj)”或在“D:\Real-Time-Video-Stabilization-master\video_stablization\x64\Release\IlmImf.pdb”中寻找)；正在链接对象，如同没有调试信息一样
IlmImf.lib(ImfFrameBuffer.obj) : warning LNK4099: 未找到 PDB“IlmImf.pdb”(使用“IlmImf.lib(ImfFrameBuffer.obj)”或在“D:\Real-Time-Video-Stabilization-master\video_stablization\x64\Release\IlmImf.pdb”中寻找)；正在链接对象，如同没有调试信息一样
IlmImf.lib(ImfHeader.obj) : warning LNK4099: 未找到 PDB“IlmImf.pdb”(使用“IlmImf.lib(ImfHeader.obj)”或在“D:\Real-Time-Video-Stabilization-master\video_stablization\x64\Release\IlmImf.pdb”中寻找)；正在链接对象，如同没有调试信息一样
IlmImf.lib(ImfHuf.obj) : warning LNK4099: 未找到 PDB“IlmImf.pdb”(使用“IlmImf.lib(ImfHuf.obj)”或在“D:\Real-Time-Video-Stabilization-master\video_stablization\x64\Release\IlmImf.pdb”中寻找)；正在链接对象，如同没有调试信息一样
IlmImf.lib(ImfIO.obj) : warning LNK4099: 未找到 PDB“IlmImf.pdb”(使用“IlmImf.lib(ImfIO.obj)”或在“D:\Real-Time-Video-Stabilization-master\video_stablization\x64\Release\IlmImf.pdb”中寻找)；正在链接对象，如同没有调试信息一样
IlmImf.lib(ImfInputFile.obj) : warning LNK4099: 未找到 PDB“IlmImf.pdb”(使用“IlmImf.lib(ImfInputFile.obj)”或在“D:\Real-Time-Video-Stabilization-master\video_stablization\x64\Release\IlmImf.pdb”中寻找)；正在链接对象，如同没有调试信息一样
IlmImf.lib(ImfIntAttribute.obj) : warning LNK4099: 未找到 PDB“IlmImf.pdb”(使用“IlmImf.lib(ImfIntAttribute.obj)”或在“D:\Real-Time-Video-Stabilization-master\video_stablization\x64\Release\IlmImf.pdb”中寻找)；正在链接对象，如同没有调试信息一样
IlmImf.lib(ImfKeyCode.obj) : warning LNK4099: 未找到 PDB“IlmImf.pdb”(使用“IlmImf.lib(ImfKeyCode.obj)”或在“D:\Real-Time-Video-Stabilization-master\video_stablization\x64\Release\IlmImf.pdb”中寻找)；正在链接对象，如同没有调试信息一样
IlmImf.lib(ImfKeyCodeAttribute.obj) : warning LNK4099: 未找到 PDB“IlmImf.pdb”(使用“IlmImf.lib(ImfKeyCodeAttribute.obj)”或在“D:\Real-Time-Video-Stabilization-master\video_stablization\x64\Release\IlmImf.pdb”中寻找)；正在链接对象，如同没有调试信息一样
IlmImf.lib(ImfLineOrderAttribute.obj) : warning LNK4099: 未找到 PDB“IlmImf.pdb”(使用“IlmImf.lib(ImfLineOrderAttribute.obj)”或在“D:\Real-Time-Video-Stabilization-master\video_stablization\x64\Release\IlmImf.pdb”中寻找)；正在链接对象，如同没有调试信息一样
IlmImf.lib(ImfMatrixAttribute.obj) : warning LNK4099: 未找到 PDB“IlmImf.pdb”(使用“IlmImf.lib(ImfMatrixAttribute.obj)”或在“D:\Real-Time-Video-Stabilization-master\video_stablization\x64\Release\IlmImf.pdb”中寻找)；正在链接对象，如同没有调试信息一样
IlmImf.lib(ImfMisc.obj) : warning LNK4099: 未找到 PDB“IlmImf.pdb”(使用“IlmImf.lib(ImfMisc.obj)”或在“D:\Real-Time-Video-Stabilization-master\video_stablization\x64\Release\IlmImf.pdb”中寻找)；正在链接对象，如同没有调试信息一样
IlmImf.lib(ImfOpaqueAttribute.obj) : warning LNK4099: 未找到 PDB“IlmImf.pdb”(使用“IlmImf.lib(ImfOpaqueAttribute.obj)”或在“D:\Real-Time-Video-Stabilization-master\video_stablization\x64\Release\IlmImf.pdb”中寻找)；正在链接对象，如同没有调试信息一样
IlmImf.lib(ImfOutputFile.obj) : warning LNK4099: 未找到 PDB“IlmImf.pdb”(使用“IlmImf.lib(ImfOutputFile.obj)”或在“D:\Real-Time-Video-Stabilization-master\video_stablization\x64\Release\IlmImf.pdb”中寻找)；正在链接对象，如同没有调试信息一样
IlmImf.lib(ImfPizCompressor.obj) : warning LNK4099: 未找到 PDB“IlmImf.pdb”(使用“IlmImf.lib(ImfPizCompressor.obj)”或在“D:\Real-Time-Video-Stabilization-master\video_stablization\x64\Release\IlmImf.pdb”中寻找)；正在链接对象，如同没有调试信息一样
IlmImf.lib(ImfPreviewImage.obj) : warning LNK4099: 未找到 PDB“IlmImf.pdb”(使用“IlmImf.lib(ImfPreviewImage.obj)”或在“D:\Real-Time-Video-Stabilization-master\video_stablization\x64\Release\IlmImf.pdb”中寻找)；正在链接对象，如同没有调试信息一样
IlmImf.lib(ImfPreviewImageAttribute.obj) : warning LNK4099: 未找到 PDB“IlmImf.pdb”(使用“IlmImf.lib(ImfPreviewImageAttribute.obj)”或在“D:\Real-Time-Video-Stabilization-master\video_stablization\x64\Release\IlmImf.pdb”中寻找)；正在链接对象，如同没有调试信息一样
IlmImf.lib(ImfPxr24Compressor.obj) : warning LNK4099: 未找到 PDB“IlmImf.pdb”(使用“IlmImf.lib(ImfPxr24Compressor.obj)”或在“D:\Real-Time-Video-Stabilization-master\video_stablization\x64\Release\IlmImf.pdb”中寻找)；正在链接对象，如同没有调试信息一样
IlmImf.lib(ImfRationalAttribute.obj) : warning LNK4099: 未找到 PDB“IlmImf.pdb”(使用“IlmImf.lib(ImfRationalAttribute.obj)”或在“D:\Real-Time-Video-Stabilization-master\video_stablization\x64\Release\IlmImf.pdb”中寻找)；正在链接对象，如同没有调试信息一样
IlmImf.lib(ImfRleCompressor.obj) : warning LNK4099: 未找到 PDB“IlmImf.pdb”(使用“IlmImf.lib(ImfRleCompressor.obj)”或在“D:\Real-Time-Video-Stabilization-master\video_stablization\x64\Release\IlmImf.pdb”中寻找)；正在链接对象，如同没有调试信息一样
IlmImf.lib(ImfScanLineInputFile.obj) : warning LNK4099: 未找到 PDB“IlmImf.pdb”(使用“IlmImf.lib(ImfScanLineInputFile.obj)”或在“D:\Real-Time-Video-Stabilization-master\video_stablization\x64\Release\IlmImf.pdb”中寻找)；正在链接对象，如同没有调试信息一样
IlmImf.lib(ImfStandardAttributes.obj) : warning LNK4099: 未找到 PDB“IlmImf.pdb”(使用“IlmImf.lib(ImfStandardAttributes.obj)”或在“D:\Real-Time-Video-Stabilization-master\video_stablization\x64\Release\IlmImf.pdb”中寻找)；正在链接对象，如同没有调试信息一样
IlmImf.lib(ImfStdIO.obj) : warning LNK4099: 未找到 PDB“IlmImf.pdb”(使用“IlmImf.lib(ImfStdIO.obj)”或在“D:\Real-Time-Video-Stabilization-master\video_stablization\x64\Release\IlmImf.pdb”中寻找)；正在链接对象，如同没有调试信息一样
IlmImf.lib(ImfStringAttribute.obj) : warning LNK4099: 未找到 PDB“IlmImf.pdb”(使用“IlmImf.lib(ImfStringAttribute.obj)”或在“D:\Real-Time-Video-Stabilization-master\video_stablization\x64\Release\IlmImf.pdb”中寻找)；正在链接对象，如同没有调试信息一样
IlmImf.lib(ImfStringVectorAttribute.obj) : warning LNK4099: 未找到 PDB“IlmImf.pdb”(使用“IlmImf.lib(ImfStringVectorAttribute.obj)”或在“D:\Real-Time-Video-Stabilization-master\video_stablization\x64\Release\IlmImf.pdb”中寻找)；正在链接对象，如同没有调试信息一样
IlmImf.lib(ImfThreading.obj) : warning LNK4099: 未找到 PDB“IlmImf.pdb”(使用“IlmImf.lib(ImfThreading.obj)”或在“D:\Real-Time-Video-Stabilization-master\video_stablization\x64\Release\IlmImf.pdb”中寻找)；正在链接对象，如同没有调试信息一样
IlmImf.lib(ImfTileDescriptionAttribute.obj) : warning LNK4099: 未找到 PDB“IlmImf.pdb”(使用“IlmImf.lib(ImfTileDescriptionAttribute.obj)”或在“D:\Real-Time-Video-Stabilization-master\video_stablization\x64\Release\IlmImf.pdb”中寻找)；正在链接对象，如同没有调试信息一样
IlmImf.lib(ImfTileOffsets.obj) : warning LNK4099: 未找到 PDB“IlmImf.pdb”(使用“IlmImf.lib(ImfTileOffsets.obj)”或在“D:\Real-Time-Video-Stabilization-master\video_stablization\x64\Release\IlmImf.pdb”中寻找)；正在链接对象，如同没有调试信息一样
IlmImf.lib(ImfTiledInputFile.obj) : warning LNK4099: 未找到 PDB“IlmImf.pdb”(使用“IlmImf.lib(ImfTiledInputFile.obj)”或在“D:\Real-Time-Video-Stabilization-master\video_stablization\x64\Release\IlmImf.pdb”中寻找)；正在链接对象，如同没有调试信息一样
IlmImf.lib(ImfTiledMisc.obj) : warning LNK4099: 未找到 PDB“IlmImf.pdb”(使用“IlmImf.lib(ImfTiledMisc.obj)”或在“D:\Real-Time-Video-Stabilization-master\video_stablization\x64\Release\IlmImf.pdb”中寻找)；正在链接对象，如同没有调试信息一样
IlmImf.lib(ImfTimeCode.obj) : warning LNK4099: 未找到 PDB“IlmImf.pdb”(使用“IlmImf.lib(ImfTimeCode.obj)”或在“D:\Real-Time-Video-Stabilization-master\video_stablization\x64\Release\IlmImf.pdb”中寻找)；正在链接对象，如同没有调试信息一样
IlmImf.lib(ImfTimeCodeAttribute.obj) : warning LNK4099: 未找到 PDB“IlmImf.pdb”(使用“IlmImf.lib(ImfTimeCodeAttribute.obj)”或在“D:\Real-Time-Video-Stabilization-master\video_stablization\x64\Release\IlmImf.pdb”中寻找)；正在链接对象，如同没有调试信息一样
IlmImf.lib(ImfVecAttribute.obj) : warning LNK4099: 未找到 PDB“IlmImf.pdb”(使用“IlmImf.lib(ImfVecAttribute.obj)”或在“D:\Real-Time-Video-Stabilization-master\video_stablization\x64\Release\IlmImf.pdb”中寻找)；正在链接对象，如同没有调试信息一样
IlmImf.lib(ImfWav.obj) : warning LNK4099: 未找到 PDB“IlmImf.pdb”(使用“IlmImf.lib(ImfWav.obj)”或在“D:\Real-Time-Video-Stabilization-master\video_stablization\x64\Release\IlmImf.pdb”中寻找)；正在链接对象，如同没有调试信息一样
IlmImf.lib(ImfZipCompressor.obj) : warning LNK4099: 未找到 PDB“IlmImf.pdb”(使用“IlmImf.lib(ImfZipCompressor.obj)”或在“D:\Real-Time-Video-Stabilization-master\video_stablization\x64\Release\IlmImf.pdb”中寻找)；正在链接对象，如同没有调试信息一样
libjasper.lib(jas_cm.obj) : warning LNK4099: 未找到 PDB“libjasper.pdb”(使用“libjasper.lib(jas_cm.obj)”或在“D:\Real-Time-Video-Stabilization-master\video_stablization\x64\Release\libjasper.pdb”中寻找)；正在链接对象，如同没有调试信息一样
libjasper.lib(jas_debug.obj) : warning LNK4099: 未找到 PDB“libjasper.pdb”(使用“libjasper.lib(jas_debug.obj)”或在“D:\Real-Time-Video-Stabilization-master\video_stablization\x64\Release\libjasper.pdb”中寻找)；正在链接对象，如同没有调试信息一样
libjasper.lib(jas_icc.obj) : warning LNK4099: 未找到 PDB“libjasper.pdb”(使用“libjasper.lib(jas_icc.obj)”或在“D:\Real-Time-Video-Stabilization-master\video_stablization\x64\Release\libjasper.pdb”中寻找)；正在链接对象，如同没有调试信息一样
libjasper.lib(jas_iccdata.obj) : warning LNK4099: 未找到 PDB“libjasper.pdb”(使用“libjasper.lib(jas_iccdata.obj)”或在“D:\Real-Time-Video-Stabilization-master\video_stablization\x64\Release\libjasper.pdb”中寻找)；正在链接对象，如同没有调试信息一样
libjasper.lib(jas_image.obj) : warning LNK4099: 未找到 PDB“libjasper.pdb”(使用“libjasper.lib(jas_image.obj)”或在“D:\Real-Time-Video-Stabilization-master\video_stablization\x64\Release\libjasper.pdb”中寻找)；正在链接对象，如同没有调试信息一样
libjasper.lib(jas_init.obj) : warning LNK4099: 未找到 PDB“libjasper.pdb”(使用“libjasper.lib(jas_init.obj)”或在“D:\Real-Time-Video-Stabilization-master\video_stablization\x64\Release\libjasper.pdb”中寻找)；正在链接对象，如同没有调试信息一样
libjasper.lib(jas_malloc.obj) : warning LNK4099: 未找到 PDB“libjasper.pdb”(使用“libjasper.lib(jas_malloc.obj)”或在“D:\Real-Time-Video-Stabilization-master\video_stablization\x64\Release\libjasper.pdb”中寻找)；正在链接对象，如同没有调试信息一样
libjasper.lib(jas_seq.obj) : warning LNK4099: 未找到 PDB“libjasper.pdb”(使用“libjasper.lib(jas_seq.obj)”或在“D:\Real-Time-Video-Stabilization-master\video_stablization\x64\Release\libjasper.pdb”中寻找)；正在链接对象，如同没有调试信息一样
libjasper.lib(jas_stream.obj) : warning LNK4099: 未找到 PDB“libjasper.pdb”(使用“libjasper.lib(jas_stream.obj)”或在“D:\Real-Time-Video-Stabilization-master\video_stablization\x64\Release\libjasper.pdb”中寻找)；正在链接对象，如同没有调试信息一样
libjasper.lib(jas_string.obj) : warning LNK4099: 未找到 PDB“libjasper.pdb”(使用“libjasper.lib(jas_string.obj)”或在“D:\Real-Time-Video-Stabilization-master\video_stablization\x64\Release\libjasper.pdb”中寻找)；正在链接对象，如同没有调试信息一样
libjasper.lib(jas_tvp.obj) : warning LNK4099: 未找到 PDB“libjasper.pdb”(使用“libjasper.lib(jas_tvp.obj)”或在“D:\Real-Time-Video-Stabilization-master\video_stablization\x64\Release\libjasper.pdb”中寻找)；正在链接对象，如同没有调试信息一样
libjasper.lib(jas_version.obj) : warning LNK4099: 未找到 PDB“libjasper.pdb”(使用“libjasper.lib(jas_version.obj)”或在“D:\Real-Time-Video-Stabilization-master\video_stablization\x64\Release\libjasper.pdb”中寻找)；正在链接对象，如同没有调试信息一样
libjasper.lib(jp2_cod.obj) : warning LNK4099: 未找到 PDB“libjasper.pdb”(使用“libjasper.lib(jp2_cod.obj)”或在“D:\Real-Time-Video-Stabilization-master\video_stablization\x64\Release\libjasper.pdb”中寻找)；正在链接对象，如同没有调试信息一样
libjasper.lib(jp2_dec.obj) : warning LNK4099: 未找到 PDB“libjasper.pdb”(使用“libjasper.lib(jp2_dec.obj)”或在“D:\Real-Time-Video-Stabilization-master\video_stablization\x64\Release\libjasper.pdb”中寻找)；正在链接对象，如同没有调试信息一样
libjasper.lib(jp2_enc.obj) : warning LNK4099: 未找到 PDB“libjasper.pdb”(使用“libjasper.lib(jp2_enc.obj)”或在“D:\Real-Time-Video-Stabilization-master\video_stablization\x64\Release\libjasper.pdb”中寻找)；正在链接对象，如同没有调试信息一样
libjasper.lib(jpc_bs.obj) : warning LNK4099: 未找到 PDB“libjasper.pdb”(使用“libjasper.lib(jpc_bs.obj)”或在“D:\Real-Time-Video-Stabilization-master\video_stablization\x64\Release\libjasper.pdb”中寻找)；正在链接对象，如同没有调试信息一样
libjasper.lib(jpc_cs.obj) : warning LNK4099: 未找到 PDB“libjasper.pdb”(使用“libjasper.lib(jpc_cs.obj)”或在“D:\Real-Time-Video-Stabilization-master\video_stablization\x64\Release\libjasper.pdb”中寻找)；正在链接对象，如同没有调试信息一样
libjasper.lib(jpc_dec.obj) : warning LNK4099: 未找到 PDB“libjasper.pdb”(使用“libjasper.lib(jpc_dec.obj)”或在“D:\Real-Time-Video-Stabilization-master\video_stablization\x64\Release\libjasper.pdb”中寻找)；正在链接对象，如同没有调试信息一样
libjasper.lib(jpc_enc.obj) : warning LNK4099: 未找到 PDB“libjasper.pdb”(使用“libjasper.lib(jpc_enc.obj)”或在“D:\Real-Time-Video-Stabilization-master\video_stablization\x64\Release\libjasper.pdb”中寻找)；正在链接对象，如同没有调试信息一样
libjasper.lib(jpc_math.obj) : warning LNK4099: 未找到 PDB“libjasper.pdb”(使用“libjasper.lib(jpc_math.obj)”或在“D:\Real-Time-Video-Stabilization-master\video_stablization\x64\Release\libjasper.pdb”中寻找)；正在链接对象，如同没有调试信息一样
libjasper.lib(jpc_mct.obj) : warning LNK4099: 未找到 PDB“libjasper.pdb”(使用“libjasper.lib(jpc_mct.obj)”或在“D:\Real-Time-Video-Stabilization-master\video_stablization\x64\Release\libjasper.pdb”中寻找)；正在链接对象，如同没有调试信息一样
libjasper.lib(jpc_mqcod.obj) : warning LNK4099: 未找到 PDB“libjasper.pdb”(使用“libjasper.lib(jpc_mqcod.obj)”或在“D:\Real-Time-Video-Stabilization-master\video_stablization\x64\Release\libjasper.pdb”中寻找)；正在链接对象，如同没有调试信息一样
libjasper.lib(jpc_mqdec.obj) : warning LNK4099: 未找到 PDB“libjasper.pdb”(使用“libjasper.lib(jpc_mqdec.obj)”或在“D:\Real-Time-Video-Stabilization-master\video_stablization\x64\Release\libjasper.pdb”中寻找)；正在链接对象，如同没有调试信息一样
libjasper.lib(jpc_mqenc.obj) : warning LNK4099: 未找到 PDB“libjasper.pdb”(使用“libjasper.lib(jpc_mqenc.obj)”或在“D:\Real-Time-Video-Stabilization-master\video_stablization\x64\Release\libjasper.pdb”中寻找)；正在链接对象，如同没有调试信息一样
libjasper.lib(jpc_qmfb.obj) : warning LNK4099: 未找到 PDB“libjasper.pdb”(使用“libjasper.lib(jpc_qmfb.obj)”或在“D:\Real-Time-Video-Stabilization-master\video_stablization\x64\Release\libjasper.pdb”中寻找)；正在链接对象，如同没有调试信息一样
libjasper.lib(jpc_t1cod.obj) : warning LNK4099: 未找到 PDB“libjasper.pdb”(使用“libjasper.lib(jpc_t1cod.obj)”或在“D:\Real-Time-Video-Stabilization-master\video_stablization\x64\Release\libjasper.pdb”中寻找)；正在链接对象，如同没有调试信息一样
libjasper.lib(jpc_t1dec.obj) : warning LNK4099: 未找到 PDB“libjasper.pdb”(使用“libjasper.lib(jpc_t1dec.obj)”或在“D:\Real-Time-Video-Stabilization-master\video_stablization\x64\Release\libjasper.pdb”中寻找)；正在链接对象，如同没有调试信息一样
libjasper.lib(jpc_t1enc.obj) : warning LNK4099: 未找到 PDB“libjasper.pdb”(使用“libjasper.lib(jpc_t1enc.obj)”或在“D:\Real-Time-Video-Stabilization-master\video_stablization\x64\Release\libjasper.pdb”中寻找)；正在链接对象，如同没有调试信息一样
libjasper.lib(jpc_t2cod.obj) : warning LNK4099: 未找到 PDB“libjasper.pdb”(使用“libjasper.lib(jpc_t2cod.obj)”或在“D:\Real-Time-Video-Stabilization-master\video_stablization\x64\Release\libjasper.pdb”中寻找)；正在链接对象，如同没有调试信息一样
libjasper.lib(jpc_t2dec.obj) : warning LNK4099: 未找到 PDB“libjasper.pdb”(使用“libjasper.lib(jpc_t2dec.obj)”或在“D:\Real-Time-Video-Stabilization-master\video_stablization\x64\Release\libjasper.pdb”中寻找)；正在链接对象，如同没有调试信息一样
libjasper.lib(jpc_t2enc.obj) : warning LNK4099: 未找到 PDB“libjasper.pdb”(使用“libjasper.lib(jpc_t2enc.obj)”或在“D:\Real-Time-Video-Stabilization-master\video_stablization\x64\Release\libjasper.pdb”中寻找)；正在链接对象，如同没有调试信息一样
libjasper.lib(jpc_tagtree.obj) : warning LNK4099: 未找到 PDB“libjasper.pdb”(使用“libjasper.lib(jpc_tagtree.obj)”或在“D:\Real-Time-Video-Stabilization-master\video_stablization\x64\Release\libjasper.pdb”中寻找)；正在链接对象，如同没有调试信息一样
libjasper.lib(jpc_tsfb.obj) : warning LNK4099: 未找到 PDB“libjasper.pdb”(使用“libjasper.lib(jpc_tsfb.obj)”或在“D:\Real-Time-Video-Stabilization-master\video_stablization\x64\Release\libjasper.pdb”中寻找)；正在链接对象，如同没有调试信息一样
libjasper.lib(jpc_util.obj) : warning LNK4099: 未找到 PDB“libjasper.pdb”(使用“libjasper.lib(jpc_util.obj)”或在“D:\Real-Time-Video-Stabilization-master\video_stablization\x64\Release\libjasper.pdb”中寻找)；正在链接对象，如同没有调试信息一样
libjpeg.lib(jcapimin.obj) : warning LNK4099: 未找到 PDB“libjpeg.pdb”(使用“libjpeg.lib(jcapimin.obj)”或在“D:\Real-Time-Video-Stabilization-master\video_stablization\x64\Release\libjpeg.pdb”中寻找)；正在链接对象，如同没有调试信息一样
libjpeg.lib(jcapistd.obj) : warning LNK4099: 未找到 PDB“libjpeg.pdb”(使用“libjpeg.lib(jcapistd.obj)”或在“D:\Real-Time-Video-Stabilization-master\video_stablization\x64\Release\libjpeg.pdb”中寻找)；正在链接对象，如同没有调试信息一样
libjpeg.lib(jccoefct.obj) : warning LNK4099: 未找到 PDB“libjpeg.pdb”(使用“libjpeg.lib(jccoefct.obj)”或在“D:\Real-Time-Video-Stabilization-master\video_stablization\x64\Release\libjpeg.pdb”中寻找)；正在链接对象，如同没有调试信息一样
libjpeg.lib(jccolor.obj) : warning LNK4099: 未找到 PDB“libjpeg.pdb”(使用“libjpeg.lib(jccolor.obj)”或在“D:\Real-Time-Video-Stabilization-master\video_stablization\x64\Release\libjpeg.pdb”中寻找)；正在链接对象，如同没有调试信息一样
libjpeg.lib(jcdctmgr.obj) : warning LNK4099: 未找到 PDB“libjpeg.pdb”(使用“libjpeg.lib(jcdctmgr.obj)”或在“D:\Real-Time-Video-Stabilization-master\video_stablization\x64\Release\libjpeg.pdb”中寻找)；正在链接对象，如同没有调试信息一样
libjpeg.lib(jchuff.obj) : warning LNK4099: 未找到 PDB“libjpeg.pdb”(使用“libjpeg.lib(jchuff.obj)”或在“D:\Real-Time-Video-Stabilization-master\video_stablization\x64\Release\libjpeg.pdb”中寻找)；正在链接对象，如同没有调试信息一样
libjpeg.lib(jcinit.obj) : warning LNK4099: 未找到 PDB“libjpeg.pdb”(使用“libjpeg.lib(jcinit.obj)”或在“D:\Real-Time-Video-Stabilization-master\video_stablization\x64\Release\libjpeg.pdb”中寻找)；正在链接对象，如同没有调试信息一样
libjpeg.lib(jcmainct.obj) : warning LNK4099: 未找到 PDB“libjpeg.pdb”(使用“libjpeg.lib(jcmainct.obj)”或在“D:\Real-Time-Video-Stabilization-master\video_stablization\x64\Release\libjpeg.pdb”中寻找)；正在链接对象，如同没有调试信息一样
libjpeg.lib(jcmarker.obj) : warning LNK4099: 未找到 PDB“libjpeg.pdb”(使用“libjpeg.lib(jcmarker.obj)”或在“D:\Real-Time-Video-Stabilization-master\video_stablization\x64\Release\libjpeg.pdb”中寻找)；正在链接对象，如同没有调试信息一样
libjpeg.lib(jcmaster.obj) : warning LNK4099: 未找到 PDB“libjpeg.pdb”(使用“libjpeg.lib(jcmaster.obj)”或在“D:\Real-Time-Video-Stabilization-master\video_stablization\x64\Release\libjpeg.pdb”中寻找)；正在链接对象，如同没有调试信息一样
libjpeg.lib(jcomapi.obj) : warning LNK4099: 未找到 PDB“libjpeg.pdb”(使用“libjpeg.lib(jcomapi.obj)”或在“D:\Real-Time-Video-Stabilization-master\video_stablization\x64\Release\libjpeg.pdb”中寻找)；正在链接对象，如同没有调试信息一样
libjpeg.lib(jcparam.obj) : warning LNK4099: 未找到 PDB“libjpeg.pdb”(使用“libjpeg.lib(jcparam.obj)”或在“D:\Real-Time-Video-Stabilization-master\video_stablization\x64\Release\libjpeg.pdb”中寻找)；正在链接对象，如同没有调试信息一样
libjpeg.lib(jcphuff.obj) : warning LNK4099: 未找到 PDB“libjpeg.pdb”(使用“libjpeg.lib(jcphuff.obj)”或在“D:\Real-Time-Video-Stabilization-master\video_stablization\x64\Release\libjpeg.pdb”中寻找)；正在链接对象，如同没有调试信息一样
libjpeg.lib(jcprepct.obj) : warning LNK4099: 未找到 PDB“libjpeg.pdb”(使用“libjpeg.lib(jcprepct.obj)”或在“D:\Real-Time-Video-Stabilization-master\video_stablization\x64\Release\libjpeg.pdb”中寻找)；正在链接对象，如同没有调试信息一样
libjpeg.lib(jcsample.obj) : warning LNK4099: 未找到 PDB“libjpeg.pdb”(使用“libjpeg.lib(jcsample.obj)”或在“D:\Real-Time-Video-Stabilization-master\video_stablization\x64\Release\libjpeg.pdb”中寻找)；正在链接对象，如同没有调试信息一样
libjpeg.lib(jdapimin.obj) : warning LNK4099: 未找到 PDB“libjpeg.pdb”(使用“libjpeg.lib(jdapimin.obj)”或在“D:\Real-Time-Video-Stabilization-master\video_stablization\x64\Release\libjpeg.pdb”中寻找)；正在链接对象，如同没有调试信息一样
libjpeg.lib(jdapistd.obj) : warning LNK4099: 未找到 PDB“libjpeg.pdb”(使用“libjpeg.lib(jdapistd.obj)”或在“D:\Real-Time-Video-Stabilization-master\video_stablization\x64\Release\libjpeg.pdb”中寻找)；正在链接对象，如同没有调试信息一样
libjpeg.lib(jdatadst.obj) : warning LNK4099: 未找到 PDB“libjpeg.pdb”(使用“libjpeg.lib(jdatadst.obj)”或在“D:\Real-Time-Video-Stabilization-master\video_stablization\x64\Release\libjpeg.pdb”中寻找)；正在链接对象，如同没有调试信息一样
libjpeg.lib(jdatasrc.obj) : warning LNK4099: 未找到 PDB“libjpeg.pdb”(使用“libjpeg.lib(jdatasrc.obj)”或在“D:\Real-Time-Video-Stabilization-master\video_stablization\x64\Release\libjpeg.pdb”中寻找)；正在链接对象，如同没有调试信息一样
libjpeg.lib(jdcoefct.obj) : warning LNK4099: 未找到 PDB“libjpeg.pdb”(使用“libjpeg.lib(jdcoefct.obj)”或在“D:\Real-Time-Video-Stabilization-master\video_stablization\x64\Release\libjpeg.pdb”中寻找)；正在链接对象，如同没有调试信息一样
libjpeg.lib(jdcolor.obj) : warning LNK4099: 未找到 PDB“libjpeg.pdb”(使用“libjpeg.lib(jdcolor.obj)”或在“D:\Real-Time-Video-Stabilization-master\video_stablization\x64\Release\libjpeg.pdb”中寻找)；正在链接对象，如同没有调试信息一样
libjpeg.lib(jddctmgr.obj) : warning LNK4099: 未找到 PDB“libjpeg.pdb”(使用“libjpeg.lib(jddctmgr.obj)”或在“D:\Real-Time-Video-Stabilization-master\video_stablization\x64\Release\libjpeg.pdb”中寻找)；正在链接对象，如同没有调试信息一样
libjpeg.lib(jdhuff.obj) : warning LNK4099: 未找到 PDB“libjpeg.pdb”(使用“libjpeg.lib(jdhuff.obj)”或在“D:\Real-Time-Video-Stabilization-master\video_stablization\x64\Release\libjpeg.pdb”中寻找)；正在链接对象，如同没有调试信息一样
libjpeg.lib(jdinput.obj) : warning LNK4099: 未找到 PDB“libjpeg.pdb”(使用“libjpeg.lib(jdinput.obj)”或在“D:\Real-Time-Video-Stabilization-master\video_stablization\x64\Release\libjpeg.pdb”中寻找)；正在链接对象，如同没有调试信息一样
libjpeg.lib(jdmainct.obj) : warning LNK4099: 未找到 PDB“libjpeg.pdb”(使用“libjpeg.lib(jdmainct.obj)”或在“D:\Real-Time-Video-Stabilization-master\video_stablization\x64\Release\libjpeg.pdb”中寻找)；正在链接对象，如同没有调试信息一样
libjpeg.lib(jdmarker.obj) : warning LNK4099: 未找到 PDB“libjpeg.pdb”(使用“libjpeg.lib(jdmarker.obj)”或在“D:\Real-Time-Video-Stabilization-master\video_stablization\x64\Release\libjpeg.pdb”中寻找)；正在链接对象，如同没有调试信息一样
libjpeg.lib(jdmaster.obj) : warning LNK4099: 未找到 PDB“libjpeg.pdb”(使用“libjpeg.lib(jdmaster.obj)”或在“D:\Real-Time-Video-Stabilization-master\video_stablization\x64\Release\libjpeg.pdb”中寻找)；正在链接对象，如同没有调试信息一样
libjpeg.lib(jdmerge.obj) : warning LNK4099: 未找到 PDB“libjpeg.pdb”(使用“libjpeg.lib(jdmerge.obj)”或在“D:\Real-Time-Video-Stabilization-master\video_stablization\x64\Release\libjpeg.pdb”中寻找)；正在链接对象，如同没有调试信息一样
libjpeg.lib(jdphuff.obj) : warning LNK4099: 未找到 PDB“libjpeg.pdb”(使用“libjpeg.lib(jdphuff.obj)”或在“D:\Real-Time-Video-Stabilization-master\video_stablization\x64\Release\libjpeg.pdb”中寻找)；正在链接对象，如同没有调试信息一样
libjpeg.lib(jdpostct.obj) : warning LNK4099: 未找到 PDB“libjpeg.pdb”(使用“libjpeg.lib(jdpostct.obj)”或在“D:\Real-Time-Video-Stabilization-master\video_stablization\x64\Release\libjpeg.pdb”中寻找)；正在链接对象，如同没有调试信息一样
libjpeg.lib(jdsample.obj) : warning LNK4099: 未找到 PDB“libjpeg.pdb”(使用“libjpeg.lib(jdsample.obj)”或在“D:\Real-Time-Video-Stabilization-master\video_stablization\x64\Release\libjpeg.pdb”中寻找)；正在链接对象，如同没有调试信息一样
libjpeg.lib(jerror.obj) : warning LNK4099: 未找到 PDB“libjpeg.pdb”(使用“libjpeg.lib(jerror.obj)”或在“D:\Real-Time-Video-Stabilization-master\video_stablization\x64\Release\libjpeg.pdb”中寻找)；正在链接对象，如同没有调试信息一样
libjpeg.lib(jfdctflt.obj) : warning LNK4099: 未找到 PDB“libjpeg.pdb”(使用“libjpeg.lib(jfdctflt.obj)”或在“D:\Real-Time-Video-Stabilization-master\video_stablization\x64\Release\libjpeg.pdb”中寻找)；正在链接对象，如同没有调试信息一样
libjpeg.lib(jfdctfst.obj) : warning LNK4099: 未找到 PDB“libjpeg.pdb”(使用“libjpeg.lib(jfdctfst.obj)”或在“D:\Real-Time-Video-Stabilization-master\video_stablization\x64\Release\libjpeg.pdb”中寻找)；正在链接对象，如同没有调试信息一样
libjpeg.lib(jfdctint.obj) : warning LNK4099: 未找到 PDB“libjpeg.pdb”(使用“libjpeg.lib(jfdctint.obj)”或在“D:\Real-Time-Video-Stabilization-master\video_stablization\x64\Release\libjpeg.pdb”中寻找)；正在链接对象，如同没有调试信息一样
libjpeg.lib(jidctflt.obj) : warning LNK4099: 未找到 PDB“libjpeg.pdb”(使用“libjpeg.lib(jidctflt.obj)”或在“D:\Real-Time-Video-Stabilization-master\video_stablization\x64\Release\libjpeg.pdb”中寻找)；正在链接对象，如同没有调试信息一样
libjpeg.lib(jidctfst.obj) : warning LNK4099: 未找到 PDB“libjpeg.pdb”(使用“libjpeg.lib(jidctfst.obj)”或在“D:\Real-Time-Video-Stabilization-master\video_stablization\x64\Release\libjpeg.pdb”中寻找)；正在链接对象，如同没有调试信息一样
libjpeg.lib(jidctint.obj) : warning LNK4099: 未找到 PDB“libjpeg.pdb”(使用“libjpeg.lib(jidctint.obj)”或在“D:\Real-Time-Video-Stabilization-master\video_stablization\x64\Release\libjpeg.pdb”中寻找)；正在链接对象，如同没有调试信息一样
libjpeg.lib(jidctred.obj) : warning LNK4099: 未找到 PDB“libjpeg.pdb”(使用“libjpeg.lib(jidctred.obj)”或在“D:\Real-Time-Video-Stabilization-master\video_stablization\x64\Release\libjpeg.pdb”中寻找)；正在链接对象，如同没有调试信息一样
libjpeg.lib(jmemansi.obj) : warning LNK4099: 未找到 PDB“libjpeg.pdb”(使用“libjpeg.lib(jmemansi.obj)”或在“D:\Real-Time-Video-Stabilization-master\video_stablization\x64\Release\libjpeg.pdb”中寻找)；正在链接对象，如同没有调试信息一样
libjpeg.lib(jmemmgr.obj) : warning LNK4099: 未找到 PDB“libjpeg.pdb”(使用“libjpeg.lib(jmemmgr.obj)”或在“D:\Real-Time-Video-Stabilization-master\video_stablization\x64\Release\libjpeg.pdb”中寻找)；正在链接对象，如同没有调试信息一样
libjpeg.lib(jquant1.obj) : warning LNK4099: 未找到 PDB“libjpeg.pdb”(使用“libjpeg.lib(jquant1.obj)”或在“D:\Real-Time-Video-Stabilization-master\video_stablization\x64\Release\libjpeg.pdb”中寻找)；正在链接对象，如同没有调试信息一样
libjpeg.lib(jquant2.obj) : warning LNK4099: 未找到 PDB“libjpeg.pdb”(使用“libjpeg.lib(jquant2.obj)”或在“D:\Real-Time-Video-Stabilization-master\video_stablization\x64\Release\libjpeg.pdb”中寻找)；正在链接对象，如同没有调试信息一样
libjpeg.lib(jutils.obj) : warning LNK4099: 未找到 PDB“libjpeg.pdb”(使用“libjpeg.lib(jutils.obj)”或在“D:\Real-Time-Video-Stabilization-master\video_stablization\x64\Release\libjpeg.pdb”中寻找)；正在链接对象，如同没有调试信息一样
opencv_core2413.lib(alloc.obj) : warning LNK4099: 未找到 PDB“opencv_core2413.pdb”(使用“opencv_core2413.lib(alloc.obj)”或在“D:\Real-Time-Video-Stabilization-master\video_stablization\x64\Release\opencv_core2413.pdb”中寻找)；正在链接对象，如同没有调试信息一样
opencv_core2413.lib(arithm.obj) : warning LNK4099: 未找到 PDB“opencv_core2413.pdb”(使用“opencv_core2413.lib(arithm.obj)”或在“D:\Real-Time-Video-Stabilization-master\video_stablization\x64\Release\opencv_core2413.pdb”中寻找)；正在链接对象，如同没有调试信息一样
opencv_core2413.lib(array.obj) : warning LNK4099: 未找到 PDB“opencv_core2413.pdb”(使用“opencv_core2413.lib(array.obj)”或在“D:\Real-Time-Video-Stabilization-master\video_stablization\x64\Release\opencv_core2413.pdb”中寻找)；正在链接对象，如同没有调试信息一样
opencv_core2413.lib(convert.obj) : warning LNK4099: 未找到 PDB“opencv_core2413.pdb”(使用“opencv_core2413.lib(convert.obj)”或在“D:\Real-Time-Video-Stabilization-master\video_stablization\x64\Release\opencv_core2413.pdb”中寻找)；正在链接对象，如同没有调试信息一样
opencv_core2413.lib(copy.obj) : warning LNK4099: 未找到 PDB“opencv_core2413.pdb”(使用“opencv_core2413.lib(copy.obj)”或在“D:\Real-Time-Video-Stabilization-master\video_stablization\x64\Release\opencv_core2413.pdb”中寻找)；正在链接对象，如同没有调试信息一样
opencv_core2413.lib(datastructs.obj) : warning LNK4099: 未找到 PDB“opencv_core2413.pdb”(使用“opencv_core2413.lib(datastructs.obj)”或在“D:\Real-Time-Video-Stabilization-master\video_stablization\x64\Release\opencv_core2413.pdb”中寻找)；正在链接对象，如同没有调试信息一样
opencv_core2413.lib(drawing.obj) : warning LNK4099: 未找到 PDB“opencv_core2413.pdb”(使用“opencv_core2413.lib(drawing.obj)”或在“D:\Real-Time-Video-Stabilization-master\video_stablization\x64\Release\opencv_core2413.pdb”中寻找)；正在链接对象，如同没有调试信息一样
opencv_core2413.lib(dxt.obj) : warning LNK4099: 未找到 PDB“opencv_core2413.pdb”(使用“opencv_core2413.lib(dxt.obj)”或在“D:\Real-Time-Video-Stabilization-master\video_stablization\x64\Release\opencv_core2413.pdb”中寻找)；正在链接对象，如同没有调试信息一样
opencv_core2413.lib(gpumat.obj) : warning LNK4099: 未找到 PDB“opencv_core2413.pdb”(使用“opencv_core2413.lib(gpumat.obj)”或在“D:\Real-Time-Video-Stabilization-master\video_stablization\x64\Release\opencv_core2413.pdb”中寻找)；正在链接对象，如同没有调试信息一样
opencv_core2413.lib(lapack.obj) : warning LNK4099: 未找到 PDB“opencv_core2413.pdb”(使用“opencv_core2413.lib(lapack.obj)”或在“D:\Real-Time-Video-Stabilization-master\video_stablization\x64\Release\opencv_core2413.pdb”中寻找)；正在链接对象，如同没有调试信息一样
opencv_core2413.lib(mathfuncs.obj) : warning LNK4099: 未找到 PDB“opencv_core2413.pdb”(使用“opencv_core2413.lib(mathfuncs.obj)”或在“D:\Real-Time-Video-Stabilization-master\video_stablization\x64\Release\opencv_core2413.pdb”中寻找)；正在链接对象，如同没有调试信息一样
opencv_core2413.lib(matmul.obj) : warning LNK4099: 未找到 PDB“opencv_core2413.pdb”(使用“opencv_core2413.lib(matmul.obj)”或在“D:\Real-Time-Video-Stabilization-master\video_stablization\x64\Release\opencv_core2413.pdb”中寻找)；正在链接对象，如同没有调试信息一样
opencv_core2413.lib(matop.obj) : warning LNK4099: 未找到 PDB“opencv_core2413.pdb”(使用“opencv_core2413.lib(matop.obj)”或在“D:\Real-Time-Video-Stabilization-master\video_stablization\x64\Release\opencv_core2413.pdb”中寻找)；正在链接对象，如同没有调试信息一样
opencv_core2413.lib(matrix.obj) : warning LNK4099: 未找到 PDB“opencv_core2413.pdb”(使用“opencv_core2413.lib(matrix.obj)”或在“D:\Real-Time-Video-Stabilization-master\video_stablization\x64\Release\opencv_core2413.pdb”中寻找)；正在链接对象，如同没有调试信息一样
opencv_core2413.lib(opengl_interop.obj) : warning LNK4099: 未找到 PDB“opencv_core2413.pdb”(使用“opencv_core2413.lib(opengl_interop.obj)”或在“D:\Real-Time-Video-Stabilization-master\video_stablization\x64\Release\opencv_core2413.pdb”中寻找)；正在链接对象，如同没有调试信息一样
opencv_core2413.lib(opengl_interop_deprecated.obj) : warning LNK4099: 未找到 PDB“opencv_core2413.pdb”(使用“opencv_core2413.lib(opengl_interop_deprecated.obj)”或在“D:\Real-Time-Video-Stabilization-master\video_stablization\x64\Release\opencv_core2413.pdb”中寻找)；正在链接对象，如同没有调试信息一样
opencv_core2413.lib(parallel.obj) : warning LNK4099: 未找到 PDB“opencv_core2413.pdb”(使用“opencv_core2413.lib(parallel.obj)”或在“D:\Real-Time-Video-Stabilization-master\video_stablization\x64\Release\opencv_core2413.pdb”中寻找)；正在链接对象，如同没有调试信息一样
opencv_core2413.lib(persistence.obj) : warning LNK4099: 未找到 PDB“opencv_core2413.pdb”(使用“opencv_core2413.lib(persistence.obj)”或在“D:\Real-Time-Video-Stabilization-master\video_stablization\x64\Release\opencv_core2413.pdb”中寻找)；正在链接对象，如同没有调试信息一样
opencv_core2413.lib(rand.obj) : warning LNK4099: 未找到 PDB“opencv_core2413.pdb”(使用“opencv_core2413.lib(rand.obj)”或在“D:\Real-Time-Video-Stabilization-master\video_stablization\x64\Release\opencv_core2413.pdb”中寻找)；正在链接对象，如同没有调试信息一样
opencv_core2413.lib(stat.obj) : warning LNK4099: 未找到 PDB“opencv_core2413.pdb”(使用“opencv_core2413.lib(stat.obj)”或在“D:\Real-Time-Video-Stabilization-master\video_stablization\x64\Release\opencv_core2413.pdb”中寻找)；正在链接对象，如同没有调试信息一样
opencv_core2413.lib(system.obj) : warning LNK4099: 未找到 PDB“opencv_core2413.pdb”(使用“opencv_core2413.lib(system.obj)”或在“D:\Real-Time-Video-Stabilization-master\video_stablization\x64\Release\opencv_core2413.pdb”中寻找)；正在链接对象，如同没有调试信息一样
opencv_core2413.lib(tables.obj) : warning LNK4099: 未找到 PDB“opencv_core2413.pdb”(使用“opencv_core2413.lib(tables.obj)”或在“D:\Real-Time-Video-Stabilization-master\video_stablization\x64\Release\opencv_core2413.pdb”中寻找)；正在链接对象，如同没有调试信息一样
opencv_core2413.lib(opencv_core_pch.obj) : warning LNK4099: 未找到 PDB“opencv_core2413.pdb”(使用“opencv_core2413.lib(opencv_core_pch.obj)”或在“D:\Real-Time-Video-Stabilization-master\video_stablization\x64\Release\opencv_core2413.pdb”中寻找)；正在链接对象，如同没有调试信息一样
opencv_highgui2413.lib(cap.obj) : warning LNK4099: 未找到 PDB“opencv_highgui2413.pdb”(使用“opencv_highgui2413.lib(cap.obj)”或在“D:\Real-Time-Video-Stabilization-master\video_stablization\x64\Release\opencv_highgui2413.pdb”中寻找)；正在链接对象，如同没有调试信息一样
opencv_highgui2413.lib(cap_images.obj) : warning LNK4099: 未找到 PDB“opencv_highgui2413.pdb”(使用“opencv_highgui2413.lib(cap_images.obj)”或在“D:\Real-Time-Video-Stabilization-master\video_stablization\x64\Release\opencv_highgui2413.pdb”中寻找)；正在链接对象，如同没有调试信息一样
opencv_highgui2413.lib(loadsave.obj) : warning LNK4099: 未找到 PDB“opencv_highgui2413.pdb”(使用“opencv_highgui2413.lib(loadsave.obj)”或在“D:\Real-Time-Video-Stabilization-master\video_stablization\x64\Release\opencv_highgui2413.pdb”中寻找)；正在链接对象，如同没有调试信息一样
opencv_highgui2413.lib(utils.obj) : warning LNK4099: 未找到 PDB“opencv_highgui2413.pdb”(使用“opencv_highgui2413.lib(utils.obj)”或在“D:\Real-Time-Video-Stabilization-master\video_stablization\x64\Release\opencv_highgui2413.pdb”中寻找)；正在链接对象，如同没有调试信息一样
opencv_highgui2413.lib(window.obj) : warning LNK4099: 未找到 PDB“opencv_highgui2413.pdb”(使用“opencv_highgui2413.lib(window.obj)”或在“D:\Real-Time-Video-Stabilization-master\video_stablization\x64\Release\opencv_highgui2413.pdb”中寻找)；正在链接对象，如同没有调试信息一样
opencv_highgui2413.lib(window_w32.obj) : warning LNK4099: 未找到 PDB“opencv_highgui2413.pdb”(使用“opencv_highgui2413.lib(window_w32.obj)”或在“D:\Real-Time-Video-Stabilization-master\video_stablization\x64\Release\opencv_highgui2413.pdb”中寻找)；正在链接对象，如同没有调试信息一样
opencv_highgui2413.lib(cap_dshow.obj) : warning LNK4099: 未找到 PDB“opencv_highgui2413.pdb”(使用“opencv_highgui2413.lib(cap_dshow.obj)”或在“D:\Real-Time-Video-Stabilization-master\video_stablization\x64\Release\opencv_highgui2413.pdb”中寻找)；正在链接对象，如同没有调试信息一样
opencv_highgui2413.lib(cap_vfw.obj) : warning LNK4099: 未找到 PDB“opencv_highgui2413.pdb”(使用“opencv_highgui2413.lib(cap_vfw.obj)”或在“D:\Real-Time-Video-Stabilization-master\video_stablization\x64\Release\opencv_highgui2413.pdb”中寻找)；正在链接对象，如同没有调试信息一样
opencv_highgui2413.lib(cap_ffmpeg.obj) : warning LNK4099: 未找到 PDB“opencv_highgui2413.pdb”(使用“opencv_highgui2413.lib(cap_ffmpeg.obj)”或在“D:\Real-Time-Video-Stabilization-master\video_stablization\x64\Release\opencv_highgui2413.pdb”中寻找)；正在链接对象，如同没有调试信息一样
opencv_highgui2413.lib(grfmt_base.obj) : warning LNK4099: 未找到 PDB“opencv_highgui2413.pdb”(使用“opencv_highgui2413.lib(grfmt_base.obj)”或在“D:\Real-Time-Video-Stabilization-master\video_stablization\x64\Release\opencv_highgui2413.pdb”中寻找)；正在链接对象，如同没有调试信息一样
opencv_highgui2413.lib(grfmt_bmp.obj) : warning LNK4099: 未找到 PDB“opencv_highgui2413.pdb”(使用“opencv_highgui2413.lib(grfmt_bmp.obj)”或在“D:\Real-Time-Video-Stabilization-master\video_stablization\x64\Release\opencv_highgui2413.pdb”中寻找)；正在链接对象，如同没有调试信息一样
opencv_highgui2413.lib(grfmt_exr.obj) : warning LNK4099: 未找到 PDB“opencv_highgui2413.pdb”(使用“opencv_highgui2413.lib(grfmt_exr.obj)”或在“D:\Real-Time-Video-Stabilization-master\video_stablization\x64\Release\opencv_highgui2413.pdb”中寻找)；正在链接对象，如同没有调试信息一样
opencv_highgui2413.lib(grfmt_jpeg.obj) : warning LNK4099: 未找到 PDB“opencv_highgui2413.pdb”(使用“opencv_highgui2413.lib(grfmt_jpeg.obj)”或在“D:\Real-Time-Video-Stabilization-master\video_stablization\x64\Release\opencv_highgui2413.pdb”中寻找)；正在链接对象，如同没有调试信息一样
opencv_highgui2413.lib(grfmt_jpeg2000.obj) : warning LNK4099: 未找到 PDB“opencv_highgui2413.pdb”(使用“opencv_highgui2413.lib(grfmt_jpeg2000.obj)”或在“D:\Real-Time-Video-Stabilization-master\video_stablization\x64\Release\opencv_highgui2413.pdb”中寻找)；正在链接对象，如同没有调试信息一样
opencv_highgui2413.lib(grfmt_png.obj) : warning LNK4099: 未找到 PDB“opencv_highgui2413.pdb”(使用“opencv_highgui2413.lib(grfmt_png.obj)”或在“D:\Real-Time-Video-Stabilization-master\video_stablization\x64\Release\opencv_highgui2413.pdb”中寻找)；正在链接对象，如同没有调试信息一样
opencv_highgui2413.lib(grfmt_pxm.obj) : warning LNK4099: 未找到 PDB“opencv_highgui2413.pdb”(使用“opencv_highgui2413.lib(grfmt_pxm.obj)”或在“D:\Real-Time-Video-Stabilization-master\video_stablization\x64\Release\opencv_highgui2413.pdb”中寻找)；正在链接对象，如同没有调试信息一样
opencv_highgui2413.lib(grfmt_sunras.obj) : warning LNK4099: 未找到 PDB“opencv_highgui2413.pdb”(使用“opencv_highgui2413.lib(grfmt_sunras.obj)”或在“D:\Real-Time-Video-Stabilization-master\video_stablization\x64\Release\opencv_highgui2413.pdb”中寻找)；正在链接对象，如同没有调试信息一样
opencv_highgui2413.lib(grfmt_tiff.obj) : warning LNK4099: 未找到 PDB“opencv_highgui2413.pdb”(使用“opencv_highgui2413.lib(grfmt_tiff.obj)”或在“D:\Real-Time-Video-Stabilization-master\video_stablization\x64\Release\opencv_highgui2413.pdb”中寻找)；正在链接对象，如同没有调试信息一样
opencv_highgui2413.lib(bitstrm.obj) : warning LNK4099: 未找到 PDB“opencv_highgui2413.pdb”(使用“opencv_highgui2413.lib(bitstrm.obj)”或在“D:\Real-Time-Video-Stabilization-master\video_stablization\x64\Release\opencv_highgui2413.pdb”中寻找)；正在链接对象，如同没有调试信息一样
opencv_highgui2413.lib(opencv_highgui_pch.obj) : warning LNK4099: 未找到 PDB“opencv_highgui2413.pdb”(使用“opencv_highgui2413.lib(opencv_highgui_pch.obj)”或在“D:\Real-Time-Video-Stabilization-master\video_stablization\x64\Release\opencv_highgui2413.pdb”中寻找)；正在链接对象，如同没有调试信息一样
opencv_imgproc2413.lib(approx.obj) : warning LNK4099: 未找到 PDB“opencv_imgproc2413.pdb”(使用“opencv_imgproc2413.lib(approx.obj)”或在“D:\Real-Time-Video-Stabilization-master\video_stablization\x64\Release\opencv_imgproc2413.pdb”中寻找)；正在链接对象，如同没有调试信息一样
opencv_imgproc2413.lib(imgwarp_avx.obj) : warning LNK4099: 未找到 PDB“opencv_imgproc2413.pdb”(使用“opencv_imgproc2413.lib(imgwarp_avx.obj)”或在“D:\Real-Time-Video-Stabilization-master\video_stablization\x64\Release\opencv_imgproc2413.pdb”中寻找)；正在链接对象，如同没有调试信息一样
opencv_imgproc2413.lib(imgwarp_avx2.obj) : warning LNK4099: 未找到 PDB“opencv_imgproc2413.pdb”(使用“opencv_imgproc2413.lib(imgwarp_avx2.obj)”或在“D:\Real-Time-Video-Stabilization-master\video_stablization\x64\Release\opencv_imgproc2413.pdb”中寻找)；正在链接对象，如同没有调试信息一样
opencv_imgproc2413.lib(color.obj) : warning LNK4099: 未找到 PDB“opencv_imgproc2413.pdb”(使用“opencv_imgproc2413.lib(color.obj)”或在“D:\Real-Time-Video-Stabilization-master\video_stablization\x64\Release\opencv_imgproc2413.pdb”中寻找)；正在链接对象，如同没有调试信息一样
opencv_imgproc2413.lib(contours.obj) : warning LNK4099: 未找到 PDB“opencv_imgproc2413.pdb”(使用“opencv_imgproc2413.lib(contours.obj)”或在“D:\Real-Time-Video-Stabilization-master\video_stablization\x64\Release\opencv_imgproc2413.pdb”中寻找)；正在链接对象，如同没有调试信息一样
opencv_imgproc2413.lib(convhull.obj) : warning LNK4099: 未找到 PDB“opencv_imgproc2413.pdb”(使用“opencv_imgproc2413.lib(convhull.obj)”或在“D:\Real-Time-Video-Stabilization-master\video_stablization\x64\Release\opencv_imgproc2413.pdb”中寻找)；正在链接对象，如同没有调试信息一样
opencv_imgproc2413.lib(corner.obj) : warning LNK4099: 未找到 PDB“opencv_imgproc2413.pdb”(使用“opencv_imgproc2413.lib(corner.obj)”或在“D:\Real-Time-Video-Stabilization-master\video_stablization\x64\Release\opencv_imgproc2413.pdb”中寻找)；正在链接对象，如同没有调试信息一样
opencv_imgproc2413.lib(deriv.obj) : warning LNK4099: 未找到 PDB“opencv_imgproc2413.pdb”(使用“opencv_imgproc2413.lib(deriv.obj)”或在“D:\Real-Time-Video-Stabilization-master\video_stablization\x64\Release\opencv_imgproc2413.pdb”中寻找)；正在链接对象，如同没有调试信息一样
opencv_imgproc2413.lib(featureselect.obj) : warning LNK4099: 未找到 PDB“opencv_imgproc2413.pdb”(使用“opencv_imgproc2413.lib(featureselect.obj)”或在“D:\Real-Time-Video-Stabilization-master\video_stablization\x64\Release\opencv_imgproc2413.pdb”中寻找)；正在链接对象，如同没有调试信息一样
opencv_imgproc2413.lib(filter.obj) : warning LNK4099: 未找到 PDB“opencv_imgproc2413.pdb”(使用“opencv_imgproc2413.lib(filter.obj)”或在“D:\Real-Time-Video-Stabilization-master\video_stablization\x64\Release\opencv_imgproc2413.pdb”中寻找)；正在链接对象，如同没有调试信息一样
opencv_imgproc2413.lib(geometry.obj) : warning LNK4099: 未找到 PDB“opencv_imgproc2413.pdb”(使用“opencv_imgproc2413.lib(geometry.obj)”或在“D:\Real-Time-Video-Stabilization-master\video_stablization\x64\Release\opencv_imgproc2413.pdb”中寻找)；正在链接对象，如同没有调试信息一样
opencv_imgproc2413.lib(imgwarp.obj) : warning LNK4099: 未找到 PDB“opencv_imgproc2413.pdb”(使用“opencv_imgproc2413.lib(imgwarp.obj)”或在“D:\Real-Time-Video-Stabilization-master\video_stablization\x64\Release\opencv_imgproc2413.pdb”中寻找)；正在链接对象，如同没有调试信息一样
opencv_imgproc2413.lib(linefit.obj) : warning LNK4099: 未找到 PDB“opencv_imgproc2413.pdb”(使用“opencv_imgproc2413.lib(linefit.obj)”或在“D:\Real-Time-Video-Stabilization-master\video_stablization\x64\Release\opencv_imgproc2413.pdb”中寻找)；正在链接对象，如同没有调试信息一样
opencv_imgproc2413.lib(matchcontours.obj) : warning LNK4099: 未找到 PDB“opencv_imgproc2413.pdb”(使用“opencv_imgproc2413.lib(matchcontours.obj)”或在“D:\Real-Time-Video-Stabilization-master\video_stablization\x64\Release\opencv_imgproc2413.pdb”中寻找)；正在链接对象，如同没有调试信息一样
opencv_imgproc2413.lib(moments.obj) : warning LNK4099: 未找到 PDB“opencv_imgproc2413.pdb”(使用“opencv_imgproc2413.lib(moments.obj)”或在“D:\Real-Time-Video-Stabilization-master\video_stablization\x64\Release\opencv_imgproc2413.pdb”中寻找)；正在链接对象，如同没有调试信息一样
opencv_imgproc2413.lib(morph.obj) : warning LNK4099: 未找到 PDB“opencv_imgproc2413.pdb”(使用“opencv_imgproc2413.lib(morph.obj)”或在“D:\Real-Time-Video-Stabilization-master\video_stablization\x64\Release\opencv_imgproc2413.pdb”中寻找)；正在链接对象，如同没有调试信息一样
opencv_imgproc2413.lib(pyramids.obj) : warning LNK4099: 未找到 PDB“opencv_imgproc2413.pdb”(使用“opencv_imgproc2413.lib(pyramids.obj)”或在“D:\Real-Time-Video-Stabilization-master\video_stablization\x64\Release\opencv_imgproc2413.pdb”中寻找)；正在链接对象，如同没有调试信息一样
opencv_imgproc2413.lib(rotcalipers.obj) : warning LNK4099: 未找到 PDB“opencv_imgproc2413.pdb”(使用“opencv_imgproc2413.lib(rotcalipers.obj)”或在“D:\Real-Time-Video-Stabilization-master\video_stablization\x64\Release\opencv_imgproc2413.pdb”中寻找)；正在链接对象，如同没有调试信息一样
opencv_imgproc2413.lib(shapedescr.obj) : warning LNK4099: 未找到 PDB“opencv_imgproc2413.pdb”(使用“opencv_imgproc2413.lib(shapedescr.obj)”或在“D:\Real-Time-Video-Stabilization-master\video_stablization\x64\Release\opencv_imgproc2413.pdb”中寻找)；正在链接对象，如同没有调试信息一样
opencv_imgproc2413.lib(smooth.obj) : warning LNK4099: 未找到 PDB“opencv_imgproc2413.pdb”(使用“opencv_imgproc2413.lib(smooth.obj)”或在“D:\Real-Time-Video-Stabilization-master\video_stablization\x64\Release\opencv_imgproc2413.pdb”中寻找)；正在链接对象，如同没有调试信息一样
opencv_imgproc2413.lib(sumpixels.obj) : warning LNK4099: 未找到 PDB“opencv_imgproc2413.pdb”(使用“opencv_imgproc2413.lib(sumpixels.obj)”或在“D:\Real-Time-Video-Stabilization-master\video_stablization\x64\Release\opencv_imgproc2413.pdb”中寻找)；正在链接对象，如同没有调试信息一样
opencv_imgproc2413.lib(tables.obj) : warning LNK4099: 未找到 PDB“opencv_imgproc2413.pdb”(使用“opencv_imgproc2413.lib(tables.obj)”或在“D:\Real-Time-Video-Stabilization-master\video_stablization\x64\Release\opencv_imgproc2413.pdb”中寻找)；正在链接对象，如同没有调试信息一样
opencv_imgproc2413.lib(templmatch.obj) : warning LNK4099: 未找到 PDB“opencv_imgproc2413.pdb”(使用“opencv_imgproc2413.lib(templmatch.obj)”或在“D:\Real-Time-Video-Stabilization-master\video_stablization\x64\Release\opencv_imgproc2413.pdb”中寻找)；正在链接对象，如同没有调试信息一样
opencv_imgproc2413.lib(thresh.obj) : warning LNK4099: 未找到 PDB“opencv_imgproc2413.pdb”(使用“opencv_imgproc2413.lib(thresh.obj)”或在“D:\Real-Time-Video-Stabilization-master\video_stablization\x64\Release\opencv_imgproc2413.pdb”中寻找)；正在链接对象，如同没有调试信息一样
opencv_imgproc2413.lib(utils.obj) : warning LNK4099: 未找到 PDB“opencv_imgproc2413.pdb”(使用“opencv_imgproc2413.lib(utils.obj)”或在“D:\Real-Time-Video-Stabilization-master\video_stablization\x64\Release\opencv_imgproc2413.pdb”中寻找)；正在链接对象，如同没有调试信息一样
opencv_imgproc2413.lib(opencv_imgproc_pch.obj) : warning LNK4099: 未找到 PDB“opencv_imgproc2413.pdb”(使用“opencv_imgproc2413.lib(opencv_imgproc_pch.obj)”或在“D:\Real-Time-Video-Stabilization-master\video_stablization\x64\Release\opencv_imgproc2413.pdb”中寻找)；正在链接对象，如同没有调试信息一样
opencv_video2413.lib(lkpyramid.obj) : warning LNK4099: 未找到 PDB“opencv_video2413.pdb”(使用“opencv_video2413.lib(lkpyramid.obj)”或在“D:\Real-Time-Video-Stabilization-master\video_stablization\x64\Release\opencv_video2413.pdb”中寻找)；正在链接对象，如同没有调试信息一样
opencv_video2413.lib(opencv_video_pch.obj) : warning LNK4099: 未找到 PDB“opencv_video2413.pdb”(使用“opencv_video2413.lib(opencv_video_pch.obj)”或在“D:\Real-Time-Video-Stabilization-master\video_stablization\x64\Release\opencv_video2413.pdb”中寻找)；正在链接对象，如同没有调试信息一样
  video_stablization.vcxproj -> D:\Real-Time-Video-Stabilization-master\video_stablization\x64\Release\video_stablization.exe
  video_stablization.vcxproj -> D:\Real-Time-Video-Stabilization-master\video_stablization\x64\Release\video_stablization.pdb (Full PDB)
